<?xml version="1.0" encoding="UTF-8"?>
<!-- Generated by org.testng.reporters.JUnitXMLReporter -->
<testsuite ignored="10" hostname="DESKTOP-3BU923C" failures="0" tests="7" name="Test" time="106.509" errors="0" timestamp="2022-07-24T19:29:07 IST">
  <testcase classname="com.Vtiger.TC_03_CreateOrganization_DeleteTest" name="Endtoend" time="13.253"/>
  <testcase classname="com.Vtiger.TC_06_CreateContact_VerifyTest" name="createcontactTest" time="9.028"/>
  <testcase classname="com.Vtiger.timeepass" name="tt" time="0.003"/>
  <testcase classname="com.Vtiger.TC_01_CreateOrganizationTest" name="createOrg" time="7.858"/>
  <testcase classname="com.Vtiger.TC_05_Create_Campaign_DeleteTest" name="campaignTest" time="13.002"/>
  <testcase classname="com.Vtiger.TC_02_CreateOrganization_verifyTest" name="createOrganization" time="7.911"/>
  <testcase classname="com.Vtiger.TC_04_Select_All_CheckBoxTest" name="selectallTest" time="10.307"/>
  <testcase classname="com.vtiger.GenericLib.BaseUtilityClass" name="@BeforeSuite connectToDatabase" time="0.0">
    <ignored/>
  </testcase> <!-- @BeforeSuite connectToDatabase -->
  <testcase classname="com.vtiger.GenericLib.BaseUtilityClass" name="@BeforeSuite connectToDatabase" time="0.0">
    <ignored/>
  </testcase> <!-- @BeforeSuite connectToDatabase -->
  <testcase classname="com.vtiger.GenericLib.BaseUtilityClass" name="@BeforeSuite connectToDatabase" time="0.0">
    <ignored/>
  </testcase> <!-- @BeforeSuite connectToDatabase -->
  <testcase classname="com.vtiger.GenericLib.BaseUtilityClass" name="@BeforeSuite connectToDatabase" time="0.0">
    <ignored/>
  </testcase> <!-- @BeforeSuite connectToDatabase -->
  <testcase classname="com.vtiger.GenericLib.BaseUtilityClass" name="@BeforeSuite connectToDatabase" time="0.0">
    <ignored/>
  </testcase> <!-- @BeforeSuite connectToDatabase -->
  <testcase classname="com.vtiger.GenericLib.BaseUtilityClass" name="@AfterSuite diconnectToDatabase" time="0.0">
    <ignored/>
  </testcase> <!-- @AfterSuite diconnectToDatabase -->
  <testcase classname="com.vtiger.GenericLib.BaseUtilityClass" name="@AfterSuite diconnectToDatabase" time="0.0">
    <ignored/>
  </testcase> <!-- @AfterSuite diconnectToDatabase -->
  <testcase classname="com.vtiger.GenericLib.BaseUtilityClass" name="@AfterSuite diconnectToDatabase" time="0.0">
    <ignored/>
  </testcase> <!-- @AfterSuite diconnectToDatabase -->
  <testcase classname="com.vtiger.GenericLib.BaseUtilityClass" name="@AfterSuite diconnectToDatabase" time="0.0">
    <ignored/>
  </testcase> <!-- @AfterSuite diconnectToDatabase -->
  <testcase classname="com.vtiger.GenericLib.BaseUtilityClass" name="@AfterSuite diconnectToDatabase" time="0.0">
    <ignored/>
  </testcase> <!-- @AfterSuite diconnectToDatabase -->
</testsuite> <!-- Test -->
